<?xml version="1.0" encoding="UTF-8"?>
<!-- Generated by org.testng.reporters.JUnitXMLReporter -->
<testsuite ignored="0" hostname="DESKTOP-3BAVB4Q" failures="0" tests="5" name="Test" time="43.892" errors="0" timestamp="2022-05-12T15:03:06 IST">
  <testcase classname="PageRepo.HomePage" name="navigation_To_Site" time="2.378"/>
  <testcase classname="PageRepo.HomePage" name="url_Matching" time="0.043"/>
  <testcase classname="PageRepo.HomePage" name="verify_Search" time="20.763"/>
  <testcase classname="PageRepo.HomePage" name="verify_Search" time="20.182"/>
  <testcase classname="PageRepo.HomePage" name="browser_Closure" time="0.45"/>
</testsuite> <!-- Test -->
